# JRE version: Java(TM) SE Runtime Environment (8.0_144-b01) (build 1.8.0_144-b01)
# Java VM: Java HotSpot(TM) 64-Bit Server VM (25.144-b01 mixed mode linux-amd64 compressed oops)
Heap:
 PSYoungGen      total 101888K, used 59502K [0x00000000d5580000, 0x00000000f3800000, 0x0000000100000000)
  eden space 100864K, 58% used [0x00000000d5580000,0x00000000d8ea39b0,0x00000000db800000)
  from space 1024K, 96% used [0x00000000f3600000,0x00000000f36f8030,0x00000000f3700000)
  to   space 1024K, 0% used [0x00000000f3700000,0x00000000f3700000,0x00000000f3800000)
 ParOldGen       total 81920K, used 63423K [0x0000000080000000, 0x0000000085000000, 0x00000000d5580000)
  object space 81920K, 77% used [0x0000000080000000,0x0000000083deff28,0x0000000085000000)
 Metaspace       used 14256K, capacity 14514K, committed 14848K, reserved 1062912K
  class space    used 1636K, capacity 1737K, committed 1792K, reserved 1048576K
GC Heap History (10 events):
Event: 73,174 GC heap before
{Heap before GC invocations=137 (full 0):
 PSYoungGen      total 61952K, used 61856K [0x00000000d5580000, 0x00000000f3900000, 0x0000000100000000)
  eden space 61440K, 100% used [0x00000000d5580000,0x00000000d9180000,0x00000000d9180000)
  from space 512K, 81% used [0x00000000f3880000,0x00000000f38e8010,0x00000000f3900000)
  to   space 1024K, 0% used [0x00000000f3700000,0x00000000f3700000,0x00000000f3800000)
 ParOldGen       total 81920K, used 61729K [0x0000000080000000, 0x0000000085000000, 0x00000000d5580000)
  object space 81920K, 75% used [0x0000000080000000,0x0000000083c48650,0x0000000085000000)
 Metaspace       used 13970K, capacity 14256K, committed 14592K, reserved 1062912K
  class space    used 1605K, capacity 1672K, committed 1792K, reserved 1048576K
Event: 73,175 GC heap after
Heap after GC invocations=137 (full 0):
 PSYoungGen      total 60928K, used 640K [0x00000000d5580000, 0x00000000f3900000, 0x0000000100000000)
  eden space 59904K, 0% used [0x00000000d5580000,0x00000000d5580000,0x00000000d9000000)
  from space 1024K, 62% used [0x00000000f3700000,0x00000000f37a0010,0x00000000f3800000)
  to   space 1024K, 0% used [0x00000000f3800000,0x00000000f3800000,0x00000000f3900000)
 ParOldGen       total 81920K, used 61737K [0x0000000080000000, 0x0000000085000000, 0x00000000d5580000)
  object space 81920K, 75% used [0x0000000080000000,0x0000000083c4a650,0x0000000085000000)
 Metaspace       used 13970K, capacity 14256K, committed 14592K, reserved 1062912K
  class space    used 1605K, capacity 1672K, committed 1792K, reserved 1048576K
}
Event: 73,289 GC heap before
{Heap before GC invocations=138 (full 0):
 PSYoungGen      total 60928K, used 60544K [0x00000000d5580000, 0x00000000f3900000, 0x0000000100000000)
  eden space 59904K, 100% used [0x00000000d5580000,0x00000000d9000000,0x00000000d9000000)
  from space 1024K, 62% used [0x00000000f3700000,0x00000000f37a0010,0x00000000f3800000)
  to   space 1024K, 0% used [0x00000000f3800000,0x00000000f3800000,0x00000000f3900000)
 ParOldGen       total 81920K, used 61737K [0x0000000080000000, 0x0000000085000000, 0x00000000d5580000)
  object space 81920K, 75% used [0x0000000080000000,0x0000000083c4a650,0x0000000085000000)
 Metaspace       used 13970K, capacity 14256K, committed 14592K, reserved 1062912K
  class space    used 1605K, capacity 1672K, committed 1792K, reserved 1048576K
Event: 73,291 GC heap after
Heap after GC invocations=138 (full 0):
 PSYoungGen      total 72704K, used 128K [0x00000000d5580000, 0x00000000f3880000, 0x0000000100000000)
  eden space 72192K, 0% used [0x00000000d5580000,0x00000000d5580000,0x00000000d9c00000)
  from space 512K, 25% used [0x00000000f3800000,0x00000000f3820000,0x00000000f3880000)
  to   space 1024K, 0% used [0x00000000f3680000,0x00000000f3680000,0x00000000f3780000)
 ParOldGen       total 81920K, used 61753K [0x0000000080000000, 0x0000000085000000, 0x00000000d5580000)
  object space 81920K, 75% used [0x0000000080000000,0x0000000083c4e650,0x0000000085000000)
 Metaspace       used 13970K, capacity 14256K, committed 14592K, reserved 1062912K
  class space    used 1605K, capacity 1672K, committed 1792K, reserved 1048576K
}
Event: 73,439 GC heap before
{Heap before GC invocations=139 (full 0):
 PSYoungGen      total 72704K, used 72320K [0x00000000d5580000, 0x00000000f3880000, 0x0000000100000000)
  eden space 72192K, 100% used [0x00000000d5580000,0x00000000d9c00000,0x00000000d9c00000)
  from space 512K, 25% used [0x00000000f3800000,0x00000000f3820000,0x00000000f3880000)
  to   space 1024K, 0% used [0x00000000f3680000,0x00000000f3680000,0x00000000f3780000)
 ParOldGen       total 81920K, used 61753K [0x0000000080000000, 0x0000000085000000, 0x00000000d5580000)
  object space 81920K, 75% used [0x0000000080000000,0x0000000083c4e650,0x0000000085000000)
 Metaspace       used 13970K, capacity 14256K, committed 14592K, reserved 1062912K
  class space    used 1605K, capacity 1672K, committed 1792K, reserved 1048576K
Event: 73,441 GC heap after
Heap after GC invocations=139 (full 0):
 PSYoungGen      total 88064K, used 256K [0x00000000d5580000, 0x00000000f3880000, 0x0000000100000000)
  eden space 87040K, 0% used [0x00000000d5580000,0x00000000d5580000,0x00000000daa80000)
  from space 1024K, 25% used [0x00000000f3680000,0x00000000f36c0000,0x00000000f3780000)
  to   space 1024K, 0% used [0x00000000f3780000,0x00000000f3780000,0x00000000f3880000)
 ParOldGen       total 81920K, used 61761K [0x0000000080000000, 0x0000000085000000, 0x00000000d5580000)
  object space 81920K, 75% used [0x0000000080000000,0x0000000083c50650,0x0000000085000000)
 Metaspace       used 13970K, capacity 14256K, committed 14592K, reserved 1062912K
  class space    used 1605K, capacity 1672K, committed 1792K, reserved 1048576K
}
Event: 73,679 GC heap before
{Heap before GC invocations=140 (full 0):
 PSYoungGen      total 88064K, used 87296K [0x00000000d5580000, 0x00000000f3880000, 0x0000000100000000)
  eden space 87040K, 100% used [0x00000000d5580000,0x00000000daa80000,0x00000000daa80000)
  from space 1024K, 25% used [0x00000000f3680000,0x00000000f36c0000,0x00000000f3780000)
  to   space 1024K, 0% used [0x00000000f3780000,0x00000000f3780000,0x00000000f3880000)
 ParOldGen       total 81920K, used 61761K [0x0000000080000000, 0x0000000085000000, 0x00000000d5580000)
  object space 81920K, 75% used [0x0000000080000000,0x0000000083c50650,0x0000000085000000)
 Metaspace       used 13970K, capacity 14256K, committed 14592K, reserved 1062912K
  class space    used 1605K, capacity 1672K, committed 1792K, reserved 1048576K
Event: 73,681 GC heap after
Heap after GC invocations=140 (full 0):
 PSYoungGen      total 104960K, used 96K [0x00000000d5580000, 0x00000000f3800000, 0x0000000100000000)
  eden space 104448K, 0% used [0x00000000d5580000,0x00000000d5580000,0x00000000dbb80000)
  from space 512K, 18% used [0x00000000f3780000,0x00000000f3798000,0x00000000f3800000)
  to   space 1024K, 0% used [0x00000000f3600000,0x00000000f3600000,0x00000000f3700000)
 ParOldGen       total 81920K, used 61777K [0x0000000080000000, 0x0000000085000000, 0x00000000d5580000)
  object space 81920K, 75% used [0x0000000080000000,0x0000000083c54650,0x0000000085000000)
 Metaspace       used 13970K, capacity 14256K, committed 14592K, reserved 1062912K
  class space    used 1605K, capacity 1672K, committed 1792K, reserved 1048576K
}
Event: 74,219 GC heap before
{Heap before GC invocations=141 (full 0):
 PSYoungGen      total 104960K, used 104544K [0x00000000d5580000, 0x00000000f3800000, 0x0000000100000000)
  eden space 104448K, 100% used [0x00000000d5580000,0x00000000dbb80000,0x00000000dbb80000)
  from space 512K, 18% used [0x00000000f3780000,0x00000000f3798000,0x00000000f3800000)
  to   space 1024K, 0% used [0x00000000f3600000,0x00000000f3600000,0x00000000f3700000)
 ParOldGen       total 81920K, used 61777K [0x0000000080000000, 0x0000000085000000, 0x00000000d5580000)
  object space 81920K, 75% used [0x0000000080000000,0x0000000083c54650,0x0000000085000000)
 Metaspace       used 14039K, capacity 14256K, committed 14592K, reserved 1062912K
  class space    used 1614K, capacity 1672K, committed 1792K, reserved 1048576K
Event: 74,222 GC heap after
Heap after GC invocations=141 (full 0):
 PSYoungGen      total 101888K, used 992K [0x00000000d5580000, 0x00000000f3800000, 0x0000000100000000)
  eden space 100864K, 0% used [0x00000000d5580000,0x00000000d5580000,0x00000000db800000)
  from space 1024K, 96% used [0x00000000f3600000,0x00000000f36f8030,0x00000000f3700000)
  to   space 1024K, 0% used [0x00000000f3700000,0x00000000f3700000,0x00000000f3800000)
 ParOldGen       total 81920K, used 63423K [0x0000000080000000, 0x0000000085000000, 0x00000000d5580000)
  object space 81920K, 77% used [0x0000000080000000,0x0000000083deff28,0x0000000085000000)
 Metaspace       used 14039K, capacity 14256K, committed 14592K, reserved 1062912K
  class space    used 1614K, capacity 1672K, committed 1792K, reserved 1048576K
}

