# JRE version: Java(TM) SE Runtime Environment (8.0_144-b01) (build 1.8.0_144-b01)
# Java VM: Java HotSpot(TM) 64-Bit Server VM (25.144-b01 mixed mode linux-amd64 compressed oops)
Heap:
 PSYoungGen      total 124928K, used 37235K [0x00000000d5580000, 0x00000000f9f00000, 0x0000000100000000)
  eden space 122880K, 28% used [0x00000000d5580000,0x00000000d77e4e68,0x00000000dcd80000)
  from space 2048K, 98% used [0x00000000f9b00000,0x00000000f9cf8040,0x00000000f9d00000)
  to   space 2048K, 0% used [0x00000000f9d00000,0x00000000f9d00000,0x00000000f9f00000)
 ParOldGen       total 81920K, used 69885K [0x0000000080000000, 0x0000000085000000, 0x00000000d5580000)
  object space 81920K, 85% used [0x0000000080000000,0x000000008443f4f8,0x0000000085000000)
 Metaspace       used 14259K, capacity 14518K, committed 14848K, reserved 1062912K
  class space    used 1636K, capacity 1737K, committed 1792K, reserved 1048576K
GC Heap History (10 events):
Event: 80,645 GC heap before
{Heap before GC invocations=137 (full 0):
 PSYoungGen      total 151040K, used 150720K [0x00000000d5580000, 0x00000000fa300000, 0x0000000100000000)
  eden space 150528K, 100% used [0x00000000d5580000,0x00000000de880000,0x00000000de880000)
  from space 512K, 37% used [0x00000000fa280000,0x00000000fa2b0000,0x00000000fa300000)
  to   space 2560K, 0% used [0x00000000f9e00000,0x00000000f9e00000,0x00000000fa080000)
 ParOldGen       total 81920K, used 68521K [0x0000000080000000, 0x0000000085000000, 0x00000000d5580000)
  object space 81920K, 83% used [0x0000000080000000,0x00000000842ea5e8,0x0000000085000000)
 Metaspace       used 13972K, capacity 14256K, committed 14592K, reserved 1062912K
  class space    used 1605K, capacity 1672K, committed 1792K, reserved 1048576K
Event: 80,647 GC heap after
Heap after GC invocations=137 (full 0):
 PSYoungGen      total 146944K, used 672K [0x00000000d5580000, 0x00000000fa300000, 0x0000000100000000)
  eden space 144384K, 0% used [0x00000000d5580000,0x00000000d5580000,0x00000000de280000)
  from space 2560K, 26% used [0x00000000f9e00000,0x00000000f9ea8010,0x00000000fa080000)
  to   space 2560K, 0% used [0x00000000fa080000,0x00000000fa080000,0x00000000fa300000)
 ParOldGen       total 81920K, used 68561K [0x0000000080000000, 0x0000000085000000, 0x00000000d5580000)
  object space 81920K, 83% used [0x0000000080000000,0x00000000842f45e8,0x0000000085000000)
 Metaspace       used 13972K, capacity 14256K, committed 14592K, reserved 1062912K
  class space    used 1605K, capacity 1672K, committed 1792K, reserved 1048576K
}
Event: 80,988 GC heap before
{Heap before GC invocations=138 (full 0):
 PSYoungGen      total 146944K, used 145056K [0x00000000d5580000, 0x00000000fa300000, 0x0000000100000000)
  eden space 144384K, 100% used [0x00000000d5580000,0x00000000de280000,0x00000000de280000)
  from space 2560K, 26% used [0x00000000f9e00000,0x00000000f9ea8010,0x00000000fa080000)
  to   space 2560K, 0% used [0x00000000fa080000,0x00000000fa080000,0x00000000fa300000)
 ParOldGen       total 81920K, used 68561K [0x0000000080000000, 0x0000000085000000, 0x00000000d5580000)
  object space 81920K, 83% used [0x0000000080000000,0x00000000842f45e8,0x0000000085000000)
 Metaspace       used 13972K, capacity 14256K, committed 14592K, reserved 1062912K
  class space    used 1605K, capacity 1672K, committed 1792K, reserved 1048576K
Event: 80,989 GC heap after
Heap after GC invocations=138 (full 0):
 PSYoungGen      total 139264K, used 128K [0x00000000d5580000, 0x00000000fa100000, 0x0000000100000000)
  eden space 138752K, 0% used [0x00000000d5580000,0x00000000d5580000,0x00000000ddd00000)
  from space 512K, 25% used [0x00000000fa080000,0x00000000fa0a0000,0x00000000fa100000)
  to   space 2560K, 0% used [0x00000000f9c00000,0x00000000f9c00000,0x00000000f9e80000)
 ParOldGen       total 81920K, used 68569K [0x0000000080000000, 0x0000000085000000, 0x00000000d5580000)
  object space 81920K, 83% used [0x0000000080000000,0x00000000842f65e8,0x0000000085000000)
 Metaspace       used 13972K, capacity 14256K, committed 14592K, reserved 1062912K
  class space    used 1605K, capacity 1672K, committed 1792K, reserved 1048576K
}
Event: 81,356 GC heap before
{Heap before GC invocations=139 (full 0):
 PSYoungGen      total 139264K, used 138880K [0x00000000d5580000, 0x00000000fa100000, 0x0000000100000000)
  eden space 138752K, 100% used [0x00000000d5580000,0x00000000ddd00000,0x00000000ddd00000)
  from space 512K, 25% used [0x00000000fa080000,0x00000000fa0a0000,0x00000000fa100000)
  to   space 2560K, 0% used [0x00000000f9c00000,0x00000000f9c00000,0x00000000f9e80000)
 ParOldGen       total 81920K, used 68569K [0x0000000080000000, 0x0000000085000000, 0x00000000d5580000)
  object space 81920K, 83% used [0x0000000080000000,0x00000000842f65e8,0x0000000085000000)
 Metaspace       used 13972K, capacity 14256K, committed 14592K, reserved 1062912K
  class space    used 1605K, capacity 1672K, committed 1792K, reserved 1048576K
Event: 81,358 GC heap after
Heap after GC invocations=139 (full 0):
 PSYoungGen      total 135680K, used 128K [0x00000000d5580000, 0x00000000fa100000, 0x0000000100000000)
  eden space 133120K, 0% used [0x00000000d5580000,0x00000000d5580000,0x00000000dd780000)
  from space 2560K, 5% used [0x00000000f9c00000,0x00000000f9c20000,0x00000000f9e80000)
  to   space 2560K, 0% used [0x00000000f9e80000,0x00000000f9e80000,0x00000000fa100000)
 ParOldGen       total 81920K, used 68585K [0x0000000080000000, 0x0000000085000000, 0x00000000d5580000)
  object space 81920K, 83% used [0x0000000080000000,0x00000000842fa5e8,0x0000000085000000)
 Metaspace       used 13972K, capacity 14256K, committed 14592K, reserved 1062912K
  class space    used 1605K, capacity 1672K, committed 1792K, reserved 1048576K
}
Event: 81,753 GC heap before
{Heap before GC invocations=140 (full 0):
 PSYoungGen      total 135680K, used 133248K [0x00000000d5580000, 0x00000000fa100000, 0x0000000100000000)
  eden space 133120K, 100% used [0x00000000d5580000,0x00000000dd780000,0x00000000dd780000)
  from space 2560K, 5% used [0x00000000f9c00000,0x00000000f9c20000,0x00000000f9e80000)
  to   space 2560K, 0% used [0x00000000f9e80000,0x00000000f9e80000,0x00000000fa100000)
 ParOldGen       total 81920K, used 68585K [0x0000000080000000, 0x0000000085000000, 0x00000000d5580000)
  object space 81920K, 83% used [0x0000000080000000,0x00000000842fa5e8,0x0000000085000000)
 Metaspace       used 13972K, capacity 14256K, committed 14592K, reserved 1062912K
  class space    used 1605K, capacity 1672K, committed 1792K, reserved 1048576K
Event: 81,756 GC heap after
Heap after GC invocations=140 (full 0):
 PSYoungGen      total 128512K, used 96K [0x00000000d5580000, 0x00000000f9f00000, 0x0000000100000000)
  eden space 128000K, 0% used [0x00000000d5580000,0x00000000d5580000,0x00000000dd280000)
  from space 512K, 18% used [0x00000000f9e80000,0x00000000f9e98000,0x00000000f9f00000)
  to   space 2048K, 0% used [0x00000000f9b00000,0x00000000f9b00000,0x00000000f9d00000)
 ParOldGen       total 81920K, used 68609K [0x0000000080000000, 0x0000000085000000, 0x00000000d5580000)
  object space 81920K, 83% used [0x0000000080000000,0x00000000843005e8,0x0000000085000000)
 Metaspace       used 13972K, capacity 14256K, committed 14592K, reserved 1062912K
  class space    used 1605K, capacity 1672K, committed 1792K, reserved 1048576K
}
Event: 82,530 GC heap before
{Heap before GC invocations=141 (full 0):
 PSYoungGen      total 128512K, used 128096K [0x00000000d5580000, 0x00000000f9f00000, 0x0000000100000000)
  eden space 128000K, 100% used [0x00000000d5580000,0x00000000dd280000,0x00000000dd280000)
  from space 512K, 18% used [0x00000000f9e80000,0x00000000f9e98000,0x00000000f9f00000)
  to   space 2048K, 0% used [0x00000000f9b00000,0x00000000f9b00000,0x00000000f9d00000)
 ParOldGen       total 81920K, used 68609K [0x0000000080000000, 0x0000000085000000, 0x00000000d5580000)
  object space 81920K, 83% used [0x0000000080000000,0x00000000843005e8,0x0000000085000000)
 Metaspace       used 14126K, capacity 14358K, committed 14592K, reserved 1062912K
  class space    used 1624K, capacity 1705K, committed 1792K, reserved 1048576K
Event: 82,535 GC heap after
Heap after GC invocations=141 (full 0):
 PSYoungGen      total 124928K, used 2016K [0x00000000d5580000, 0x00000000f9f00000, 0x0000000100000000)
  eden space 122880K, 0% used [0x00000000d5580000,0x00000000d5580000,0x00000000dcd80000)
  from space 2048K, 98% used [0x00000000f9b00000,0x00000000f9cf8040,0x00000000f9d00000)
  to   space 2048K, 0% used [0x00000000f9d00000,0x00000000f9d00000,0x00000000f9f00000)
 ParOldGen       total 81920K, used 69885K [0x0000000080000000, 0x0000000085000000, 0x00000000d5580000)
  object space 81920K, 85% used [0x0000000080000000,0x000000008443f4f8,0x0000000085000000)
 Metaspace       used 14126K, capacity 14358K, committed 14592K, reserved 1062912K
  class space    used 1624K, capacity 1705K, committed 1792K, reserved 1048576K
}

