# JRE version: Java(TM) SE Runtime Environment (8.0_144-b01) (build 1.8.0_144-b01)
# Java VM: Java HotSpot(TM) 64-Bit Server VM (25.144-b01 mixed mode linux-amd64 compressed oops)
Heap:
 PSYoungGen      total 126976K, used 46654K [0x000000076ab00000, 0x00000007b6580000, 0x00000007c0000000)
  eden space 125440K, 35% used [0x000000076ab00000,0x000000076d717a10,0x0000000772580000)
  from space 1536K, 97% used [0x00000007b6280000,0x00000007b63f8030,0x00000007b6400000)
  to   space 1536K, 0% used [0x00000007b6400000,0x00000007b6400000,0x00000007b6580000)
 ParOldGen       total 81920K, used 40981K [0x00000006c0000000, 0x00000006c5000000, 0x000000076ab00000)
  object space 81920K, 50% used [0x00000006c0000000,0x00000006c2805690,0x00000006c5000000)
 Metaspace       used 14254K, capacity 14518K, committed 14848K, reserved 1062912K
  class space    used 1636K, capacity 1737K, committed 1792K, reserved 1048576K
GC Heap History (10 events):
Event: 74,931 GC heap before
{Heap before GC invocations=89 (full 0):
 PSYoungGen      total 153600K, used 153184K [0x000000076ab00000, 0x00000007b6780000, 0x00000007c0000000)
  eden space 153088K, 100% used [0x000000076ab00000,0x0000000774080000,0x0000000774080000)
  from space 512K, 18% used [0x00000007b6700000,0x00000007b6718000,0x00000007b6780000)
  to   space 1536K, 0% used [0x00000007b6480000,0x00000007b6480000,0x00000007b6600000)
 ParOldGen       total 81920K, used 39255K [0x00000006c0000000, 0x00000006c5000000, 0x000000076ab00000)
  object space 81920K, 47% used [0x00000006c0000000,0x00000006c2655dc8,0x00000006c5000000)
 Metaspace       used 13965K, capacity 14192K, committed 14336K, reserved 1062912K
  class space    used 1605K, capacity 1672K, committed 1792K, reserved 1048576K
Event: 74,932 GC heap after
Heap after GC invocations=89 (full 0):
 PSYoungGen      total 148480K, used 1024K [0x000000076ab00000, 0x00000007b6780000, 0x00000007c0000000)
  eden space 146944K, 0% used [0x000000076ab00000,0x000000076ab00000,0x0000000773a80000)
  from space 1536K, 66% used [0x00000007b6480000,0x00000007b6580010,0x00000007b6600000)
  to   space 1536K, 0% used [0x00000007b6600000,0x00000007b6600000,0x00000007b6780000)
 ParOldGen       total 81920K, used 39279K [0x00000006c0000000, 0x00000006c5000000, 0x000000076ab00000)
  object space 81920K, 47% used [0x00000006c0000000,0x00000006c265bdc8,0x00000006c5000000)
 Metaspace       used 13965K, capacity 14192K, committed 14336K, reserved 1062912K
  class space    used 1605K, capacity 1672K, committed 1792K, reserved 1048576K
}
Event: 75,336 GC heap before
{Heap before GC invocations=90 (full 0):
 PSYoungGen      total 148480K, used 147968K [0x000000076ab00000, 0x00000007b6780000, 0x00000007c0000000)
  eden space 146944K, 100% used [0x000000076ab00000,0x0000000773a80000,0x0000000773a80000)
  from space 1536K, 66% used [0x00000007b6480000,0x00000007b6580010,0x00000007b6600000)
  to   space 1536K, 0% used [0x00000007b6600000,0x00000007b6600000,0x00000007b6780000)
 ParOldGen       total 81920K, used 39279K [0x00000006c0000000, 0x00000006c5000000, 0x000000076ab00000)
  object space 81920K, 47% used [0x00000006c0000000,0x00000006c265bdc8,0x00000006c5000000)
 Metaspace       used 13965K, capacity 14192K, committed 14336K, reserved 1062912K
  class space    used 1605K, capacity 1672K, committed 1792K, reserved 1048576K
Event: 75,338 GC heap after
Heap after GC invocations=90 (full 0):
 PSYoungGen      total 141824K, used 96K [0x000000076ab00000, 0x00000007b6680000, 0x00000007c0000000)
  eden space 141312K, 0% used [0x000000076ab00000,0x000000076ab00000,0x0000000773500000)
  from space 512K, 18% used [0x00000007b6600000,0x00000007b6618000,0x00000007b6680000)
  to   space 1536K, 0% used [0x00000007b6380000,0x00000007b6380000,0x00000007b6500000)
 ParOldGen       total 81920K, used 39295K [0x00000006c0000000, 0x00000006c5000000, 0x000000076ab00000)
  object space 81920K, 47% used [0x00000006c0000000,0x00000006c265fdc8,0x00000006c5000000)
 Metaspace       used 13965K, capacity 14192K, committed 14336K, reserved 1062912K
  class space    used 1605K, capacity 1672K, committed 1792K, reserved 1048576K
}
Event: 75,683 GC heap before
{Heap before GC invocations=91 (full 0):
 PSYoungGen      total 141824K, used 141408K [0x000000076ab00000, 0x00000007b6680000, 0x00000007c0000000)
  eden space 141312K, 100% used [0x000000076ab00000,0x0000000773500000,0x0000000773500000)
  from space 512K, 18% used [0x00000007b6600000,0x00000007b6618000,0x00000007b6680000)
  to   space 1536K, 0% used [0x00000007b6380000,0x00000007b6380000,0x00000007b6500000)
 ParOldGen       total 81920K, used 39295K [0x00000006c0000000, 0x00000006c5000000, 0x000000076ab00000)
  object space 81920K, 47% used [0x00000006c0000000,0x00000006c265fdc8,0x00000006c5000000)
 Metaspace       used 13965K, capacity 14192K, committed 14336K, reserved 1062912K
  class space    used 1605K, capacity 1672K, committed 1792K, reserved 1048576K
Event: 75,685 GC heap after
Heap after GC invocations=91 (full 0):
 PSYoungGen      total 137216K, used 64K [0x000000076ab00000, 0x00000007b6680000, 0x00000007c0000000)
  eden space 135680K, 0% used [0x000000076ab00000,0x000000076ab00000,0x0000000772f80000)
  from space 1536K, 4% used [0x00000007b6380000,0x00000007b6390000,0x00000007b6500000)
  to   space 1536K, 0% used [0x00000007b6500000,0x00000007b6500000,0x00000007b6680000)
 ParOldGen       total 81920K, used 39311K [0x00000006c0000000, 0x00000006c5000000, 0x000000076ab00000)
  object space 81920K, 47% used [0x00000006c0000000,0x00000006c2663dc8,0x00000006c5000000)
 Metaspace       used 13965K, capacity 14192K, committed 14336K, reserved 1062912K
  class space    used 1605K, capacity 1672K, committed 1792K, reserved 1048576K
}
Event: 76,018 GC heap before
{Heap before GC invocations=92 (full 0):
 PSYoungGen      total 137216K, used 135744K [0x000000076ab00000, 0x00000007b6680000, 0x00000007c0000000)
  eden space 135680K, 100% used [0x000000076ab00000,0x0000000772f80000,0x0000000772f80000)
  from space 1536K, 4% used [0x00000007b6380000,0x00000007b6390000,0x00000007b6500000)
  to   space 1536K, 0% used [0x00000007b6500000,0x00000007b6500000,0x00000007b6680000)
 ParOldGen       total 81920K, used 39311K [0x00000006c0000000, 0x00000006c5000000, 0x000000076ab00000)
  object space 81920K, 47% used [0x00000006c0000000,0x00000006c2663dc8,0x00000006c5000000)
 Metaspace       used 13965K, capacity 14192K, committed 14336K, reserved 1062912K
  class space    used 1605K, capacity 1672K, committed 1792K, reserved 1048576K
Event: 76,019 GC heap after
Heap after GC invocations=92 (full 0):
 PSYoungGen      total 131072K, used 96K [0x000000076ab00000, 0x00000007b6580000, 0x00000007c0000000)
  eden space 130560K, 0% used [0x000000076ab00000,0x000000076ab00000,0x0000000772a80000)
  from space 512K, 18% used [0x00000007b6500000,0x00000007b6518000,0x00000007b6580000)
  to   space 1536K, 0% used [0x00000007b6280000,0x00000007b6280000,0x00000007b6400000)
 ParOldGen       total 81920K, used 39335K [0x00000006c0000000, 0x00000006c5000000, 0x000000076ab00000)
  object space 81920K, 48% used [0x00000006c0000000,0x00000006c2669dc8,0x00000006c5000000)
 Metaspace       used 13965K, capacity 14192K, committed 14336K, reserved 1062912K
  class space    used 1605K, capacity 1672K, committed 1792K, reserved 1048576K
}
Event: 76,761 GC heap before
{Heap before GC invocations=93 (full 0):
 PSYoungGen      total 131072K, used 130656K [0x000000076ab00000, 0x00000007b6580000, 0x00000007c0000000)
  eden space 130560K, 100% used [0x000000076ab00000,0x0000000772a80000,0x0000000772a80000)
  from space 512K, 18% used [0x00000007b6500000,0x00000007b6518000,0x00000007b6580000)
  to   space 1536K, 0% used [0x00000007b6280000,0x00000007b6280000,0x00000007b6400000)
 ParOldGen       total 81920K, used 39335K [0x00000006c0000000, 0x00000006c5000000, 0x000000076ab00000)
  object space 81920K, 48% used [0x00000006c0000000,0x00000006c2669dc8,0x00000006c5000000)
 Metaspace       used 14055K, capacity 14326K, committed 14592K, reserved 1062912K
  class space    used 1617K, capacity 1673K, committed 1792K, reserved 1048576K
Event: 76,765 GC heap after
Heap after GC invocations=93 (full 0):
 PSYoungGen      total 126976K, used 1504K [0x000000076ab00000, 0x00000007b6580000, 0x00000007c0000000)
  eden space 125440K, 0% used [0x000000076ab00000,0x000000076ab00000,0x0000000772580000)
  from space 1536K, 97% used [0x00000007b6280000,0x00000007b63f8030,0x00000007b6400000)
  to   space 1536K, 0% used [0x00000007b6400000,0x00000007b6400000,0x00000007b6580000)
 ParOldGen       total 81920K, used 40981K [0x00000006c0000000, 0x00000006c5000000, 0x000000076ab00000)
  object space 81920K, 50% used [0x00000006c0000000,0x00000006c2805690,0x00000006c5000000)
 Metaspace       used 14055K, capacity 14326K, committed 14592K, reserved 1062912K
  class space    used 1617K, capacity 1673K, committed 1792K, reserved 1048576K
}

