# JRE version: Java(TM) SE Runtime Environment (8.0_144-b01) (build 1.8.0_144-b01)
# Java VM: Java HotSpot(TM) 64-Bit Server VM (25.144-b01 mixed mode linux-amd64 compressed oops)
Heap:
 PSYoungGen      total 130048K, used 23784K [0x000000076ab00000, 0x00000007b6200000, 0x00000007c0000000)
  eden space 127488K, 16% used [0x000000076ab00000,0x000000076bfc20d0,0x0000000772780000)
  from space 2560K, 98% used [0x00000007b5d00000,0x00000007b5f78040,0x00000007b5f80000)
  to   space 2560K, 0% used [0x00000007b5f80000,0x00000007b5f80000,0x00000007b6200000)
 ParOldGen       total 81920K, used 47895K [0x00000006c0000000, 0x00000006c5000000, 0x000000076ab00000)
  object space 81920K, 58% used [0x00000006c0000000,0x00000006c2ec5c48,0x00000006c5000000)
 Metaspace       used 14266K, capacity 14514K, committed 14848K, reserved 1062912K
  class space    used 1636K, capacity 1737K, committed 1792K, reserved 1048576K
GC Heap History (10 events):
Event: 79,823 GC heap before
{Heap before GC invocations=69 (full 0):
 PSYoungGen      total 156160K, used 155776K [0x000000076ab00000, 0x00000007b6680000, 0x00000007c0000000)
  eden space 155648K, 100% used [0x000000076ab00000,0x0000000774300000,0x0000000774300000)
  from space 512K, 25% used [0x00000007b6600000,0x00000007b6620010,0x00000007b6680000)
  to   space 3072K, 0% used [0x00000007b6080000,0x00000007b6080000,0x00000007b6380000)
 ParOldGen       total 81920K, used 47079K [0x00000006c0000000, 0x00000006c5000000, 0x000000076ab00000)
  object space 81920K, 57% used [0x00000006c0000000,0x00000006c2df9d90,0x00000006c5000000)
 Metaspace       used 13977K, capacity 14256K, committed 14592K, reserved 1062912K
  class space    used 1605K, capacity 1672K, committed 1792K, reserved 1048576K
Event: 79,826 GC heap after
Heap after GC invocations=69 (full 0):
 PSYoungGen      total 152576K, used 320K [0x000000076ab00000, 0x00000007b6680000, 0x00000007c0000000)
  eden space 149504K, 0% used [0x000000076ab00000,0x000000076ab00000,0x0000000773d00000)
  from space 3072K, 10% used [0x00000007b6080000,0x00000007b60d0000,0x00000007b6380000)
  to   space 3072K, 0% used [0x00000007b6380000,0x00000007b6380000,0x00000007b6680000)
 ParOldGen       total 81920K, used 47127K [0x00000006c0000000, 0x00000006c5000000, 0x000000076ab00000)
  object space 81920K, 57% used [0x00000006c0000000,0x00000006c2e05da0,0x00000006c5000000)
 Metaspace       used 13977K, capacity 14256K, committed 14592K, reserved 1062912K
  class space    used 1605K, capacity 1672K, committed 1792K, reserved 1048576K
}
Event: 80,224 GC heap before
{Heap before GC invocations=70 (full 0):
 PSYoungGen      total 152576K, used 149824K [0x000000076ab00000, 0x00000007b6680000, 0x00000007c0000000)
  eden space 149504K, 100% used [0x000000076ab00000,0x0000000773d00000,0x0000000773d00000)
  from space 3072K, 10% used [0x00000007b6080000,0x00000007b60d0000,0x00000007b6380000)
  to   space 3072K, 0% used [0x00000007b6380000,0x00000007b6380000,0x00000007b6680000)
 ParOldGen       total 81920K, used 47127K [0x00000006c0000000, 0x00000006c5000000, 0x000000076ab00000)
  object space 81920K, 57% used [0x00000006c0000000,0x00000006c2e05da0,0x00000006c5000000)
 Metaspace       used 13977K, capacity 14256K, committed 14592K, reserved 1062912K
  class space    used 1605K, capacity 1672K, committed 1792K, reserved 1048576K
Event: 80,226 GC heap after
Heap after GC invocations=70 (full 0):
 PSYoungGen      total 143872K, used 320K [0x000000076ab00000, 0x00000007b6400000, 0x00000007c0000000)
  eden space 143360K, 0% used [0x000000076ab00000,0x000000076ab00000,0x0000000773700000)
  from space 512K, 62% used [0x00000007b6380000,0x00000007b63d0000,0x00000007b6400000)
  to   space 2560K, 0% used [0x00000007b5f00000,0x00000007b5f00000,0x00000007b6180000)
 ParOldGen       total 81920K, used 47151K [0x00000006c0000000, 0x00000006c5000000, 0x000000076ab00000)
  object space 81920K, 57% used [0x00000006c0000000,0x00000006c2e0bda0,0x00000006c5000000)
 Metaspace       used 13977K, capacity 14256K, committed 14592K, reserved 1062912K
  class space    used 1605K, capacity 1672K, committed 1792K, reserved 1048576K
}
Event: 80,627 GC heap before
{Heap before GC invocations=71 (full 0):
 PSYoungGen      total 143872K, used 143680K [0x000000076ab00000, 0x00000007b6400000, 0x00000007c0000000)
  eden space 143360K, 100% used [0x000000076ab00000,0x0000000773700000,0x0000000773700000)
  from space 512K, 62% used [0x00000007b6380000,0x00000007b63d0000,0x00000007b6400000)
  to   space 2560K, 0% used [0x00000007b5f00000,0x00000007b5f00000,0x00000007b6180000)
 ParOldGen       total 81920K, used 47151K [0x00000006c0000000, 0x00000006c5000000, 0x000000076ab00000)
  object space 81920K, 57% used [0x00000006c0000000,0x00000006c2e0bda0,0x00000006c5000000)
 Metaspace       used 13977K, capacity 14256K, committed 14592K, reserved 1062912K
  class space    used 1605K, capacity 1672K, committed 1792K, reserved 1048576K
Event: 80,629 GC heap after
Heap after GC invocations=71 (full 0):
 PSYoungGen      total 140288K, used 96K [0x000000076ab00000, 0x00000007b6400000, 0x00000007c0000000)
  eden space 137728K, 0% used [0x000000076ab00000,0x000000076ab00000,0x0000000773180000)
  from space 2560K, 3% used [0x00000007b5f00000,0x00000007b5f18000,0x00000007b6180000)
  to   space 2560K, 0% used [0x00000007b6180000,0x00000007b6180000,0x00000007b6400000)
 ParOldGen       total 81920K, used 47167K [0x00000006c0000000, 0x00000006c5000000, 0x000000076ab00000)
  object space 81920K, 57% used [0x00000006c0000000,0x00000006c2e0fda0,0x00000006c5000000)
 Metaspace       used 13977K, capacity 14256K, committed 14592K, reserved 1062912K
  class space    used 1605K, capacity 1672K, committed 1792K, reserved 1048576K
}
Event: 81,012 GC heap before
{Heap before GC invocations=72 (full 0):
 PSYoungGen      total 140288K, used 137824K [0x000000076ab00000, 0x00000007b6400000, 0x00000007c0000000)
  eden space 137728K, 100% used [0x000000076ab00000,0x0000000773180000,0x0000000773180000)
  from space 2560K, 3% used [0x00000007b5f00000,0x00000007b5f18000,0x00000007b6180000)
  to   space 2560K, 0% used [0x00000007b6180000,0x00000007b6180000,0x00000007b6400000)
 ParOldGen       total 81920K, used 47167K [0x00000006c0000000, 0x00000006c5000000, 0x000000076ab00000)
  object space 81920K, 57% used [0x00000006c0000000,0x00000006c2e0fda0,0x00000006c5000000)
 Metaspace       used 13977K, capacity 14256K, committed 14592K, reserved 1062912K
  class space    used 1605K, capacity 1672K, committed 1792K, reserved 1048576K
Event: 81,014 GC heap after
Heap after GC invocations=72 (full 0):
 PSYoungGen      total 133120K, used 64K [0x000000076ab00000, 0x00000007b6200000, 0x00000007c0000000)
  eden space 132608K, 0% used [0x000000076ab00000,0x000000076ab00000,0x0000000772c80000)
  from space 512K, 12% used [0x00000007b6180000,0x00000007b6190000,0x00000007b6200000)
  to   space 2560K, 0% used [0x00000007b5d00000,0x00000007b5d00000,0x00000007b5f80000)
 ParOldGen       total 81920K, used 47191K [0x00000006c0000000, 0x00000006c5000000, 0x000000076ab00000)
  object space 81920K, 57% used [0x00000006c0000000,0x00000006c2e15da0,0x00000006c5000000)
 Metaspace       used 13977K, capacity 14256K, committed 14592K, reserved 1062912K
  class space    used 1605K, capacity 1672K, committed 1792K, reserved 1048576K
}
Event: 81,742 GC heap before
{Heap before GC invocations=73 (full 0):
 PSYoungGen      total 133120K, used 132672K [0x000000076ab00000, 0x00000007b6200000, 0x00000007c0000000)
  eden space 132608K, 100% used [0x000000076ab00000,0x0000000772c80000,0x0000000772c80000)
  from space 512K, 12% used [0x00000007b6180000,0x00000007b6190000,0x00000007b6200000)
  to   space 2560K, 0% used [0x00000007b5d00000,0x00000007b5d00000,0x00000007b5f80000)
 ParOldGen       total 81920K, used 47191K [0x00000006c0000000, 0x00000006c5000000, 0x000000076ab00000)
  object space 81920K, 57% used [0x00000006c0000000,0x00000006c2e15da0,0x00000006c5000000)
 Metaspace       used 14244K, capacity 14514K, committed 14848K, reserved 1062912K
  class space    used 1636K, capacity 1737K, committed 1792K, reserved 1048576K
Event: 81,747 GC heap after
Heap after GC invocations=73 (full 0):
 PSYoungGen      total 130048K, used 2528K [0x000000076ab00000, 0x00000007b6200000, 0x00000007c0000000)
  eden space 127488K, 0% used [0x000000076ab00000,0x000000076ab00000,0x0000000772780000)
  from space 2560K, 98% used [0x00000007b5d00000,0x00000007b5f78040,0x00000007b5f80000)
  to   space 2560K, 0% used [0x00000007b5f80000,0x00000007b5f80000,0x00000007b6200000)
 ParOldGen       total 81920K, used 47895K [0x00000006c0000000, 0x00000006c5000000, 0x000000076ab00000)
  object space 81920K, 58% used [0x00000006c0000000,0x00000006c2ec5c48,0x00000006c5000000)
 Metaspace       used 14244K, capacity 14514K, committed 14848K, reserved 1062912K
  class space    used 1636K, capacity 1737K, committed 1792K, reserved 1048576K
}

