# JRE version: Java(TM) SE Runtime Environment (8.0_144-b01) (build 1.8.0_144-b01)
# Java VM: Java HotSpot(TM) 64-Bit Server VM (25.144-b01 mixed mode linux-amd64 compressed oops)
Heap:
 PSYoungGen      total 93184K, used 49779K [0x00000000d5580000, 0x00000000f4d00000, 0x0000000100000000)
  eden space 91648K, 52% used [0x00000000d5580000,0x00000000d84a4c18,0x00000000daf00000)
  from space 1536K, 97% used [0x00000000f4b00000,0x00000000f4c78020,0x00000000f4c80000)
  to   space 512K, 0% used [0x00000000f4c80000,0x00000000f4c80000,0x00000000f4d00000)
 ParOldGen       total 81920K, used 78711K [0x0000000080000000, 0x0000000085000000, 0x00000000d5580000)
  object space 81920K, 96% used [0x0000000080000000,0x0000000084cddcb0,0x0000000085000000)
 Metaspace       used 14266K, capacity 14578K, committed 14848K, reserved 1062912K
  class space    used 1636K, capacity 1737K, committed 1792K, reserved 1048576K
GC Heap History (10 events):
Event: 76,974 GC heap before
{Heap before GC invocations=179 (full 0):
 PSYoungGen      total 110080K, used 109664K [0x00000000d5580000, 0x00000000f4e80000, 0x0000000100000000)
  eden space 109568K, 100% used [0x00000000d5580000,0x00000000dc080000,0x00000000dc080000)
  from space 512K, 18% used [0x00000000f4e00000,0x00000000f4e18000,0x00000000f4e80000)
  to   space 1536K, 0% used [0x00000000f4b80000,0x00000000f4b80000,0x00000000f4d00000)
 ParOldGen       total 81920K, used 76899K [0x0000000080000000, 0x0000000085000000, 0x00000000d5580000)
  object space 81920K, 93% used [0x0000000080000000,0x0000000084b18d80,0x0000000085000000)
 Metaspace       used 13976K, capacity 14256K, committed 14592K, reserved 1062912K
  class space    used 1605K, capacity 1672K, committed 1792K, reserved 1048576K
Event: 76,975 GC heap after
Heap after GC invocations=179 (full 0):
 PSYoungGen      total 107008K, used 304K [0x00000000d5580000, 0x00000000f4e80000, 0x0000000100000000)
  eden space 105472K, 0% used [0x00000000d5580000,0x00000000d5580000,0x00000000dbc80000)
  from space 1536K, 19% used [0x00000000f4b80000,0x00000000f4bcc010,0x00000000f4d00000)
  to   space 1024K, 0% used [0x00000000f4d80000,0x00000000f4d80000,0x00000000f4e80000)
 ParOldGen       total 81920K, used 76915K [0x0000000080000000, 0x0000000085000000, 0x00000000d5580000)
  object space 81920K, 93% used [0x0000000080000000,0x0000000084b1cd80,0x0000000085000000)
 Metaspace       used 13976K, capacity 14256K, committed 14592K, reserved 1062912K
  class space    used 1605K, capacity 1672K, committed 1792K, reserved 1048576K
}
Event: 77,166 GC heap before
{Heap before GC invocations=180 (full 0):
 PSYoungGen      total 107008K, used 105776K [0x00000000d5580000, 0x00000000f4e80000, 0x0000000100000000)
  eden space 105472K, 100% used [0x00000000d5580000,0x00000000dbc80000,0x00000000dbc80000)
  from space 1536K, 19% used [0x00000000f4b80000,0x00000000f4bcc010,0x00000000f4d00000)
  to   space 1024K, 0% used [0x00000000f4d80000,0x00000000f4d80000,0x00000000f4e80000)
 ParOldGen       total 81920K, used 76915K [0x0000000080000000, 0x0000000085000000, 0x00000000d5580000)
  object space 81920K, 93% used [0x0000000080000000,0x0000000084b1cd80,0x0000000085000000)
 Metaspace       used 13976K, capacity 14256K, committed 14592K, reserved 1062912K
  class space    used 1605K, capacity 1672K, committed 1792K, reserved 1048576K
Event: 77,168 GC heap after
Heap after GC invocations=180 (full 0):
 PSYoungGen      total 102912K, used 768K [0x00000000d5580000, 0x00000000f4e80000, 0x0000000100000000)
  eden space 101888K, 0% used [0x00000000d5580000,0x00000000d5580000,0x00000000db900000)
  from space 1024K, 75% used [0x00000000f4d80000,0x00000000f4e40010,0x00000000f4e80000)
  to   space 1536K, 0% used [0x00000000f4b80000,0x00000000f4b80000,0x00000000f4d00000)
 ParOldGen       total 81920K, used 76931K [0x0000000080000000, 0x0000000085000000, 0x00000000d5580000)
  object space 81920K, 93% used [0x0000000080000000,0x0000000084b20d80,0x0000000085000000)
 Metaspace       used 13976K, capacity 14256K, committed 14592K, reserved 1062912K
  class space    used 1605K, capacity 1672K, committed 1792K, reserved 1048576K
}
Event: 77,404 GC heap before
{Heap before GC invocations=181 (full 0):
 PSYoungGen      total 102912K, used 102656K [0x00000000d5580000, 0x00000000f4e80000, 0x0000000100000000)
  eden space 101888K, 99% used [0x00000000d5580000,0x00000000db8ffff8,0x00000000db900000)
  from space 1024K, 75% used [0x00000000f4d80000,0x00000000f4e40010,0x00000000f4e80000)
  to   space 1536K, 0% used [0x00000000f4b80000,0x00000000f4b80000,0x00000000f4d00000)
 ParOldGen       total 81920K, used 76931K [0x0000000080000000, 0x0000000085000000, 0x00000000d5580000)
  object space 81920K, 93% used [0x0000000080000000,0x0000000084b20d80,0x0000000085000000)
 Metaspace       used 13976K, capacity 14256K, committed 14592K, reserved 1062912K
  class space    used 1605K, capacity 1672K, committed 1792K, reserved 1048576K
Event: 77,405 GC heap after
Heap after GC invocations=181 (full 0):
 PSYoungGen      total 98816K, used 96K [0x00000000d5580000, 0x00000000f4e00000, 0x0000000100000000)
  eden space 98304K, 0% used [0x00000000d5580000,0x00000000d5580000,0x00000000db580000)
  from space 512K, 18% used [0x00000000f4b80000,0x00000000f4b98000,0x00000000f4c00000)
  to   space 1536K, 0% used [0x00000000f4c80000,0x00000000f4c80000,0x00000000f4e00000)
 ParOldGen       total 81920K, used 76955K [0x0000000080000000, 0x0000000085000000, 0x00000000d5580000)
  object space 81920K, 93% used [0x0000000080000000,0x0000000084b26d80,0x0000000085000000)
 Metaspace       used 13976K, capacity 14256K, committed 14592K, reserved 1062912K
  class space    used 1605K, capacity 1672K, committed 1792K, reserved 1048576K
}
Event: 77,679 GC heap before
{Heap before GC invocations=182 (full 0):
 PSYoungGen      total 98816K, used 98400K [0x00000000d5580000, 0x00000000f4e00000, 0x0000000100000000)
  eden space 98304K, 100% used [0x00000000d5580000,0x00000000db580000,0x00000000db580000)
  from space 512K, 18% used [0x00000000f4b80000,0x00000000f4b98000,0x00000000f4c00000)
  to   space 1536K, 0% used [0x00000000f4c80000,0x00000000f4c80000,0x00000000f4e00000)
 ParOldGen       total 81920K, used 76955K [0x0000000080000000, 0x0000000085000000, 0x00000000d5580000)
  object space 81920K, 93% used [0x0000000080000000,0x0000000084b26d80,0x0000000085000000)
 Metaspace       used 13977K, capacity 14256K, committed 14592K, reserved 1062912K
  class space    used 1605K, capacity 1672K, committed 1792K, reserved 1048576K
Event: 77,681 GC heap after
Heap after GC invocations=182 (full 0):
 PSYoungGen      total 96256K, used 1168K [0x00000000d5580000, 0x00000000f4e00000, 0x0000000100000000)
  eden space 94720K, 0% used [0x00000000d5580000,0x00000000d5580000,0x00000000db200000)
  from space 1536K, 76% used [0x00000000f4c80000,0x00000000f4da4020,0x00000000f4e00000)
  to   space 1536K, 0% used [0x00000000f4b00000,0x00000000f4b00000,0x00000000f4c80000)
 ParOldGen       total 81920K, used 76995K [0x0000000080000000, 0x0000000085000000, 0x00000000d5580000)
  object space 81920K, 93% used [0x0000000080000000,0x0000000084b30d80,0x0000000085000000)
 Metaspace       used 13977K, capacity 14256K, committed 14592K, reserved 1062912K
  class space    used 1605K, capacity 1672K, committed 1792K, reserved 1048576K
}
Event: 78,165 GC heap before
{Heap before GC invocations=183 (full 0):
 PSYoungGen      total 96256K, used 95888K [0x00000000d5580000, 0x00000000f4e00000, 0x0000000100000000)
  eden space 94720K, 100% used [0x00000000d5580000,0x00000000db200000,0x00000000db200000)
  from space 1536K, 76% used [0x00000000f4c80000,0x00000000f4da4020,0x00000000f4e00000)
  to   space 1536K, 0% used [0x00000000f4b00000,0x00000000f4b00000,0x00000000f4c80000)
 ParOldGen       total 81920K, used 76995K [0x0000000080000000, 0x0000000085000000, 0x00000000d5580000)
  object space 81920K, 93% used [0x0000000080000000,0x0000000084b30d80,0x0000000085000000)
 Metaspace       used 14129K, capacity 14354K, committed 14592K, reserved 1062912K
  class space    used 1624K, capacity 1705K, committed 1792K, reserved 1048576K
Event: 78,171 GC heap after
Heap after GC invocations=183 (full 0):
 PSYoungGen      total 93184K, used 1504K [0x00000000d5580000, 0x00000000f4d00000, 0x0000000100000000)
  eden space 91648K, 0% used [0x00000000d5580000,0x00000000d5580000,0x00000000daf00000)
  from space 1536K, 97% used [0x00000000f4b00000,0x00000000f4c78020,0x00000000f4c80000)
  to   space 512K, 0% used [0x00000000f4c80000,0x00000000f4c80000,0x00000000f4d00000)
 ParOldGen       total 81920K, used 78711K [0x0000000080000000, 0x0000000085000000, 0x00000000d5580000)
  object space 81920K, 96% used [0x0000000080000000,0x0000000084cddcb0,0x0000000085000000)
 Metaspace       used 14129K, capacity 14354K, committed 14592K, reserved 1062912K
  class space    used 1624K, capacity 1705K, committed 1792K, reserved 1048576K
}

